<?xml version="1.0" encoding="UTF-8"?>
<testsuite xmlns:xsi="http://www.w3.org/2001/XMLSchema-instance" xsi:noNamespaceSchemaLocation="https://maven.apache.org/surefire/maven-surefire-plugin/xsd/surefire-test-report.xsd" name="com.itm.space.backendresources.controller.RestExceptionHandlerTest" time="4.582" tests="2" errors="0" skipped="0" failures="0">
  <properties>
[...]
</properties>
  <testcase name="shouldHandleInternalServerErrorException" classname="com.itm.space.backendresources.controller.RestExceptionHandlerTest" time="1.43"/>
  <testcase name="shouldHandleInvalidArgument" classname="com.itm.space.backendresources.controller.RestExceptionHandlerTest" time="0.102"/>
</testsuite>